<?xml version="1.0" encoding="UTF-8"?>
<coverage generated="1496837079">
  <project timestamp="1496837079">
    <package name="GeoFixer">
      <file name="/var/www/geo_git/app/GeoFixerFacade.php">
        <class name="GeoFixerFacade" namespace="GeoFixer" fullPackage="GeoFixer" package="GeoFixer">
          <metrics methods="6" coveredmethods="6" conditionals="0" coveredconditionals="0" statements="46" coveredstatements="44" elements="52" coveredelements="50"/>
        </class>
        <line num="33" type="method" name="__construct" crap="3.14" count="2"/>
        <line num="35" type="stmt" count="2"/>
        <line num="37" type="stmt" count="2"/>
        <line num="38" type="stmt" count="1"/>
        <line num="41" type="stmt" count="1"/>
        <line num="42" type="stmt" count="0"/>
        <line num="43" type="stmt" count="0"/>
        <line num="47" type="stmt" count="2"/>
        <line num="48" type="stmt" count="2"/>
        <line num="60" type="method" name="findSimilarWord" crap="2" count="3"/>
        <line num="62" type="stmt" count="3"/>
        <line num="64" type="stmt" count="3"/>
        <line num="66" type="stmt" count="3"/>
        <line num="67" type="stmt" count="1"/>
        <line num="68" type="stmt" count="1"/>
        <line num="69" type="stmt" count="1"/>
        <line num="72" type="stmt" count="3"/>
        <line num="85" type="method" name="findFiasRegion" crap="2" count="4"/>
        <line num="87" type="stmt" count="4"/>
        <line num="88" type="stmt" count="4"/>
        <line num="90" type="stmt" count="4"/>
        <line num="92" type="stmt" count="4"/>
        <line num="93" type="stmt" count="1"/>
        <line num="94" type="stmt" count="1"/>
        <line num="95" type="stmt" count="1"/>
        <line num="98" type="stmt" count="4"/>
        <line num="112" type="method" name="findFiasSettlement" crap="2" count="4"/>
        <line num="114" type="stmt" count="4"/>
        <line num="115" type="stmt" count="4"/>
        <line num="116" type="stmt" count="4"/>
        <line num="118" type="stmt" count="4"/>
        <line num="120" type="stmt" count="4"/>
        <line num="121" type="stmt" count="1"/>
        <line num="122" type="stmt" count="1"/>
        <line num="123" type="stmt" count="1"/>
        <line num="126" type="stmt" count="4"/>
        <line num="140" type="method" name="findFiasStreet" crap="2" count="3"/>
        <line num="142" type="stmt" count="3"/>
        <line num="143" type="stmt" count="3"/>
        <line num="145" type="stmt" count="3"/>
        <line num="147" type="stmt" count="3"/>
        <line num="148" type="stmt" count="1"/>
        <line num="149" type="stmt" count="1"/>
        <line num="150" type="stmt" count="1"/>
        <line num="153" type="stmt" count="3"/>
        <line num="165" type="method" name="findFiasHouse" crap="3" count="4"/>
        <line num="167" type="stmt" count="4"/>
        <line num="169" type="stmt" count="4"/>
        <line num="170" type="stmt" count="2"/>
        <line num="171" type="stmt" count="1"/>
        <line num="173" type="stmt" count="1"/>
        <line num="177" type="stmt" count="4"/>
        <metrics loc="178" ncloc="110" classes="1" methods="6" coveredmethods="5" conditionals="0" coveredconditionals="0" statements="46" coveredstatements="44" elements="52" coveredelements="49"/>
      </file>
    </package>
    <package name="GeoFixer\models">
      <file name="/var/www/geo_git/app/models/DatabaseConnection.php">
        <class name="DatabaseConnection" namespace="GeoFixer\models" fullPackage="GeoFixer" package="GeoFixer">
          <metrics methods="3" coveredmethods="3" conditionals="0" coveredconditionals="0" statements="11" coveredstatements="10" elements="14" coveredelements="13"/>
        </class>
        <line num="24" type="method" name="__construct" crap="1" count="1"/>
        <line num="26" type="stmt" count="1"/>
        <line num="27" type="stmt" count="1"/>
        <line num="36" type="method" name="makeConnection" crap="3.02" count="2"/>
        <line num="38" type="stmt" count="2"/>
        <line num="39" type="stmt" count="1"/>
        <line num="42" type="stmt" count="2"/>
        <line num="43" type="stmt" count="2"/>
        <line num="44" type="stmt" count="2"/>
        <line num="47" type="stmt" count="2"/>
        <line num="48" type="stmt" count="0"/>
        <line num="51" type="stmt" count="2"/>
        <line num="59" type="method" name="connection" crap="2" count="21"/>
        <line num="61" type="stmt" count="21"/>
        <metrics loc="63" ncloc="40" classes="1" methods="3" coveredmethods="2" conditionals="0" coveredconditionals="0" statements="11" coveredstatements="10" elements="14" coveredelements="12"/>
      </file>
      <file name="/var/www/geo_git/app/models/GeoFixer.php">
        <class name="GeoFixer" namespace="GeoFixer\models" fullPackage="GeoFixer" package="GeoFixer">
          <metrics methods="8" coveredmethods="8" conditionals="0" coveredconditionals="0" statements="58" coveredstatements="58" elements="66" coveredelements="66"/>
        </class>
        <line num="32" type="method" name="findSimilarWord" crap="4" count="13"/>
        <line num="34" type="stmt" count="13"/>
        <line num="35" type="stmt" count="4"/>
        <line num="38" type="stmt" count="11"/>
        <line num="40" type="stmt" count="11"/>
        <line num="42" type="stmt" count="11"/>
        <line num="43" type="stmt" count="5"/>
        <line num="44" type="stmt" count="5"/>
        <line num="47" type="stmt" count="6"/>
        <line num="49" type="stmt" count="6"/>
        <line num="57" type="method" name="findFiasRegion" crap="4" count="4"/>
        <line num="59" type="stmt" count="4"/>
        <line num="60" type="stmt" count="4"/>
        <line num="62" type="stmt" count="4"/>
        <line num="63" type="stmt" count="1"/>
        <line num="66" type="stmt" count="4"/>
        <line num="68" type="stmt" count="4"/>
        <line num="69" type="stmt" count="4"/>
        <line num="71" type="stmt" count="4"/>
        <line num="72" type="stmt" count="4"/>
        <line num="73" type="stmt" count="4"/>
        <line num="76" type="stmt" count="4"/>
        <line num="78" type="stmt" count="4"/>
        <line num="87" type="method" name="findFiasSettlements" crap="4" count="4"/>
        <line num="89" type="stmt" count="4"/>
        <line num="90" type="stmt" count="4"/>
        <line num="92" type="stmt" count="4"/>
        <line num="93" type="stmt" count="1"/>
        <line num="96" type="stmt" count="4"/>
        <line num="98" type="stmt" count="4"/>
        <line num="99" type="stmt" count="4"/>
        <line num="101" type="stmt" count="4"/>
        <line num="102" type="stmt" count="4"/>
        <line num="103" type="stmt" count="4"/>
        <line num="106" type="stmt" count="4"/>
        <line num="108" type="stmt" count="4"/>
        <line num="117" type="method" name="findFiasStreets" crap="4" count="3"/>
        <line num="119" type="stmt" count="3"/>
        <line num="120" type="stmt" count="3"/>
        <line num="122" type="stmt" count="3"/>
        <line num="123" type="stmt" count="1"/>
        <line num="126" type="stmt" count="3"/>
        <line num="128" type="stmt" count="3"/>
        <line num="129" type="stmt" count="3"/>
        <line num="131" type="stmt" count="3"/>
        <line num="132" type="stmt" count="3"/>
        <line num="133" type="stmt" count="3"/>
        <line num="136" type="stmt" count="3"/>
        <line num="138" type="stmt" count="3"/>
        <line num="147" type="method" name="findFiasHouses" crap="3" count="4"/>
        <line num="149" type="stmt" count="4"/>
        <line num="150" type="stmt" count="4"/>
        <line num="152" type="stmt" count="4"/>
        <line num="153" type="stmt" count="2"/>
        <line num="156" type="stmt" count="4"/>
        <line num="158" type="stmt" count="4"/>
        <line num="166" type="method" name="isStrict" crap="1" count="13"/>
        <line num="168" type="stmt" count="13"/>
        <line num="169" type="stmt" count="13"/>
        <line num="180" type="method" name="isFirstLetters" crap="2" count="10"/>
        <line num="182" type="stmt" count="10"/>
        <line num="183" type="stmt" count="3"/>
        <line num="185" type="stmt" count="10"/>
        <line num="192" type="method" name="isFullSettlements" crap="1" count="4"/>
        <line num="194" type="stmt" count="4"/>
        <line num="195" type="stmt" count="4"/>
        <metrics loc="196" ncloc="144" classes="1" methods="8" coveredmethods="8" conditionals="0" coveredconditionals="0" statements="58" coveredstatements="58" elements="66" coveredelements="66"/>
      </file>
    </package>
    <package name="GeoFixer\models\queries">
      <file name="/var/www/geo_git/app/models/queries/AbstractDatabaseQuery.php">
        <class name="AbstractDatabaseQuery" namespace="GeoFixer\models\queries" fullPackage="GeoFixer" package="GeoFixer">
          <metrics methods="6" coveredmethods="6" conditionals="0" coveredconditionals="0" statements="10" coveredstatements="10" elements="16" coveredelements="16"/>
        </class>
        <line num="32" type="method" name="__construct" crap="1" count="20"/>
        <line num="34" type="stmt" count="20"/>
        <line num="35" type="stmt" count="20"/>
        <line num="44" type="method" name="firstLetters" crap="1" count="3"/>
        <line num="46" type="stmt" count="3"/>
        <line num="48" type="stmt" count="3"/>
        <line num="58" type="method" name="regionCode" crap="1" count="6"/>
        <line num="60" type="stmt" count="6"/>
        <line num="62" type="stmt" count="6"/>
        <line num="72" type="method" name="parentId" crap="1" count="4"/>
        <line num="74" type="stmt" count="4"/>
        <line num="76" type="stmt" count="4"/>
        <line num="84" type="method" name="findAll" crap="1" count="15"/>
        <line num="86" type="stmt" count="15"/>
        <line num="94" type="method" name="findOne" crap="1" count="5"/>
        <line num="96" type="stmt" count="5"/>
        <metrics loc="97" ncloc="50" classes="1" methods="6" coveredmethods="6" conditionals="0" coveredconditionals="0" statements="10" coveredstatements="10" elements="16" coveredelements="16"/>
      </file>
      <file name="/var/www/geo_git/app/models/queries/HousesDatabaseQuery.php">
        <class name="HousesDatabaseQuery" namespace="GeoFixer\models\queries" fullPackage="GeoFixer" package="GeoFixer">
          <metrics methods="5" coveredmethods="5" conditionals="0" coveredconditionals="0" statements="10" coveredstatements="10" elements="15" coveredelements="15"/>
        </class>
        <line num="15" type="method" name="__construct" crap="1" count="6"/>
        <line num="17" type="stmt" count="6"/>
        <line num="18" type="stmt" count="6"/>
        <line num="25" type="method" name="getHouses" crap="1" count="6"/>
        <line num="27" type="stmt" count="6"/>
        <line num="29" type="stmt" count="6"/>
        <line num="39" type="method" name="addressId" crap="1" count="6"/>
        <line num="41" type="stmt" count="6"/>
        <line num="43" type="stmt" count="6"/>
        <line num="53" type="method" name="houseNumber" crap="1" count="5"/>
        <line num="55" type="stmt" count="5"/>
        <line num="57" type="stmt" count="5"/>
        <line num="67" type="method" name="building" crap="1" count="3"/>
        <line num="69" type="stmt" count="3"/>
        <line num="71" type="stmt" count="3"/>
        <metrics loc="72" ncloc="38" classes="1" methods="5" coveredmethods="5" conditionals="0" coveredconditionals="0" statements="10" coveredstatements="10" elements="15" coveredelements="15"/>
      </file>
      <file name="/var/www/geo_git/app/models/queries/RegionsDatabaseQuery.php">
        <class name="RegionsDatabaseQuery" namespace="GeoFixer\models\queries" fullPackage="GeoFixer" package="GeoFixer">
          <metrics methods="2" coveredmethods="2" conditionals="0" coveredconditionals="0" statements="4" coveredstatements="4" elements="6" coveredelements="6"/>
        </class>
        <line num="15" type="method" name="__construct" crap="1" count="5"/>
        <line num="17" type="stmt" count="5"/>
        <line num="18" type="stmt" count="5"/>
        <line num="25" type="method" name="getRegions" crap="1" count="5"/>
        <line num="27" type="stmt" count="5"/>
        <line num="29" type="stmt" count="5"/>
        <metrics loc="30" ncloc="17" classes="1" methods="2" coveredmethods="2" conditionals="0" coveredconditionals="0" statements="4" coveredstatements="4" elements="6" coveredelements="6"/>
      </file>
      <file name="/var/www/geo_git/app/models/queries/SettlementsDatabaseQuery.php">
        <class name="SettlementsDatabaseQuery" namespace="GeoFixer\models\queries" fullPackage="GeoFixer" package="GeoFixer">
          <metrics methods="3" coveredmethods="3" conditionals="0" coveredconditionals="0" statements="8" coveredstatements="8" elements="11" coveredelements="11"/>
        </class>
        <line num="15" type="method" name="__construct" crap="1" count="6"/>
        <line num="17" type="stmt" count="6"/>
        <line num="18" type="stmt" count="6"/>
        <line num="25" type="method" name="getSettlements" crap="1" count="6"/>
        <line num="27" type="stmt" count="6"/>
        <line num="29" type="stmt" count="6"/>
        <line num="39" type="method" name="addressLevel" crap="2" count="6"/>
        <line num="41" type="stmt" count="6"/>
        <line num="42" type="stmt" count="5"/>
        <line num="44" type="stmt" count="1"/>
        <line num="47" type="stmt" count="6"/>
        <metrics loc="48" ncloc="28" classes="1" methods="3" coveredmethods="3" conditionals="0" coveredconditionals="0" statements="8" coveredstatements="8" elements="11" coveredelements="11"/>
      </file>
      <file name="/var/www/geo_git/app/models/queries/StreetsDatabaseQuery.php">
        <class name="StreetsDatabaseQuery" namespace="GeoFixer\models\queries" fullPackage="GeoFixer" package="GeoFixer">
          <metrics methods="3" coveredmethods="3" conditionals="0" coveredconditionals="0" statements="6" coveredstatements="6" elements="9" coveredelements="9"/>
        </class>
        <line num="15" type="method" name="__construct" crap="1" count="4"/>
        <line num="17" type="stmt" count="4"/>
        <line num="18" type="stmt" count="4"/>
        <line num="25" type="method" name="getStreets" crap="1" count="4"/>
        <line num="27" type="stmt" count="4"/>
        <line num="29" type="stmt" count="4"/>
        <line num="37" type="method" name="addressLevel" crap="1" count="4"/>
        <line num="39" type="stmt" count="4"/>
        <line num="41" type="stmt" count="4"/>
        <metrics loc="43" ncloc="25" classes="1" methods="3" coveredmethods="3" conditionals="0" coveredconditionals="0" statements="6" coveredstatements="6" elements="9" coveredelements="9"/>
      </file>
    </package>
    <package name="GeoFixer\traits">
      <file name="/var/www/geo_git/app/traits/LevenshteinAlgorithmTrait.php">
        <class name="LevenshteinAlgorithmTrait" namespace="GeoFixer\traits" fullPackage="GeoFixer" package="GeoFixer">
          <metrics methods="3" coveredmethods="3" conditionals="0" coveredconditionals="0" statements="29" coveredstatements="29" elements="32" coveredelements="32"/>
        </class>
        <line num="25" type="method" name="findBestMatch" crap="8" count="5"/>
        <line num="27" type="stmt" count="5"/>
        <line num="28" type="stmt" count="5"/>
        <line num="31" type="stmt" count="5"/>
        <line num="32" type="stmt" count="1"/>
        <line num="33" type="stmt" count="5"/>
        <line num="38" type="stmt" count="5"/>
        <line num="39" type="stmt" count="5"/>
        <line num="42" type="stmt" count="5"/>
        <line num="44" type="stmt" count="1"/>
        <line num="45" type="stmt" count="1"/>
        <line num="46" type="stmt" count="1"/>
        <line num="51" type="stmt" count="5"/>
        <line num="61" type="method" name="findMostSimilarWords" crap="4" count="11"/>
        <line num="63" type="stmt" count="11"/>
        <line num="64" type="stmt" count="11"/>
        <line num="66" type="stmt" count="11"/>
        <line num="68" type="stmt" count="11"/>
        <line num="70" type="stmt" count="7"/>
        <line num="71" type="stmt" count="7"/>
        <line num="72" type="stmt" count="7"/>
        <line num="73" type="stmt" count="7"/>
        <line num="74" type="stmt" count="7"/>
        <line num="75" type="stmt" count="7"/>
        <line num="80" type="stmt" count="11"/>
        <line num="89" type="method" name="findFinalSimilirityAndLevenshtein" crap="4" count="5"/>
        <line num="91" type="stmt" count="5"/>
        <line num="92" type="stmt" count="1"/>
        <line num="95" type="stmt" count="5"/>
        <line num="97" type="stmt" count="1"/>
        <line num="98" type="stmt" count="1"/>
        <line num="101" type="stmt" count="5"/>
        <metrics loc="102" ncloc="76" classes="1" methods="3" coveredmethods="3" conditionals="0" coveredconditionals="0" statements="29" coveredstatements="29" elements="32" coveredelements="32"/>
      </file>
      <file name="/var/www/geo_git/app/traits/TranslitTrait.php">
        <class name="TranslitTrait" namespace="GeoFixer\traits" fullPackage="GeoFixer" package="GeoFixer">
          <metrics methods="4" coveredmethods="4" conditionals="0" coveredconditionals="0" statements="11" coveredstatements="11" elements="15" coveredelements="15"/>
        </class>
        <line num="40" type="method" name="wordTranslit" crap="1" count="12"/>
        <line num="41" type="stmt" count="12"/>
        <line num="42" type="stmt" count="12"/>
        <line num="43" type="stmt" count="12"/>
        <line num="45" type="stmt" count="12"/>
        <line num="55" type="method" name="arrayTranslit" crap="2" count="11"/>
        <line num="56" type="stmt" count="11"/>
        <line num="58" type="stmt" count="11"/>
        <line num="59" type="stmt" count="11"/>
        <line num="62" type="stmt" count="11"/>
        <line num="71" type="method" name="removeSymbols" crap="1" count="13"/>
        <line num="73" type="stmt" count="13"/>
        <line num="82" type="method" name="removeSpecifications" crap="1" count="13"/>
        <line num="84" type="stmt" count="13"/>
        <line num="86" type="stmt" count="13"/>
        <metrics loc="87" ncloc="51" classes="1" methods="4" coveredmethods="4" conditionals="0" coveredconditionals="0" statements="11" coveredstatements="11" elements="15" coveredelements="15"/>
      </file>
    </package>
    <metrics files="10" loc="916" ncloc="579" classes="10" methods="43" coveredmethods="41" conditionals="0" coveredconditionals="0" statements="193" coveredstatements="190" elements="236" coveredelements="231"/>
  </project>
</coverage>
